  24 File(s) copied
  24 File(s) copied
  Building Custom Rule F:/Dylan King - Game Ass/Game/CMakeLists.txt
  CMake does not need to re-run because F:/Dylan King - Game Ass/Game/bin/CMakeFiles/generate.stamp is up-to-date.
  Bullet.cpp
F:\Dylan King - Game Ass\Game\src\Bullet.cpp(31): warning C4244: '=': conversion from 'float' to 'int', possible loss of data
F:\Dylan King - Game Ass\Game\src\Bullet.cpp(32): warning C4244: '=': conversion from 'float' to 'int', possible loss of data
  Collision.cpp
  Enemy.cpp
F:\Dylan King - Game Ass\Game\src\Enemy.cpp(25): warning C4244: '=': conversion from 'double' to 'int', possible loss of data
F:\Dylan King - Game Ass\Game\src\Enemy.cpp(26): warning C4244: '=': conversion from 'double' to 'int', possible loss of data
F:\Dylan King - Game Ass\Game\src\Enemy.cpp(44): warning C4244: '=': conversion from 'float' to 'int', possible loss of data
F:\Dylan King - Game Ass\Game\src\Enemy.cpp(45): warning C4244: '=': conversion from 'float' to 'int', possible loss of data
F:\Dylan King - Game Ass\Game\src\Enemy.cpp(52): warning C4244: '=': conversion from 'double' to 'int', possible loss of data
F:\Dylan King - Game Ass\Game\src\Enemy.cpp(53): warning C4244: '=': conversion from 'double' to 'int', possible loss of data
  EnemyController.cpp
  Game.cpp
F:\Dylan King - Game Ass\Game\src\Game.cpp(104): warning C4244: 'argument': conversion from 'int' to 'float', possible loss of data
  Logging.cpp
F:\Dylan King - Game Ass\Game\src\Logging.cpp(30): warning C4996: 'localtime': This function or variable may be unsafe. Consider using localtime_s instead. To disable deprecation, use _CRT_SECURE_NO_WARNINGS. See online help for details.
  C:\Program Files (x86)\Windows Kits\10\Include\10.0.10240.0\ucrt\time.h(505): note: see declaration of 'localtime'
  Map.cpp
  Menu.cpp
F:\Dylan King - Game Ass\Game\src\Menu.cpp(79): warning C4267: '=': conversion from 'size_t' to 'int', possible loss of data
F:\Dylan King - Game Ass\Game\src\Menu.cpp(92): warning C4267: '=': conversion from 'size_t' to 'int', possible loss of data
  Player.cpp
F:\Dylan King - Game Ass\Game\src\Player.cpp(84): warning C4244: '=': conversion from 'float' to 'int', possible loss of data
F:\Dylan King - Game Ass\Game\src\Player.cpp(85): warning C4244: '=': conversion from 'float' to 'int', possible loss of data
F:\Dylan King - Game Ass\Game\src\Player.cpp(87): warning C4244: '=': conversion from 'float' to 'int', possible loss of data
  ReusableManager.cpp
F:\Dylan King - Game Ass\Game\src\ReusableManager.cpp(12): warning C4244: '=': conversion from 'float' to 'int', possible loss of data
F:\Dylan King - Game Ass\Game\src\ReusableManager.cpp(13): warning C4244: '=': conversion from 'float' to 'int', possible loss of data
F:\Dylan King - Game Ass\Game\src\ReusableManager.cpp(105): warning C4244: '=': conversion from 'float' to 'int', possible loss of data
F:\Dylan King - Game Ass\Game\src\ReusableManager.cpp(106): warning C4244: '=': conversion from 'float' to 'int', possible loss of data
  ScreenText.cpp
F:\Dylan King - Game Ass\Game\src\ScreenText.cpp(242): warning C4244: 'argument': conversion from 'int' to 'float', possible loss of data
F:\Dylan King - Game Ass\Game\src\ScreenText.cpp(266): warning C4244: 'initializing': conversion from 'float' to 'int', possible loss of data
F:\Dylan King - Game Ass\Game\src\ScreenText.cpp(267): warning C4244: 'initializing': conversion from 'float' to 'int', possible loss of data
F:\Dylan King - Game Ass\Game\src\ScreenText.cpp(270): warning C4838: conversion from 'float' to 'int' requires a narrowing conversion
F:\Dylan King - Game Ass\Game\src\ScreenText.cpp(270): warning C4244: 'initializing': conversion from 'float' to 'int', possible loss of data
F:\Dylan King - Game Ass\Game\src\ScreenText.cpp(273): warning C4838: conversion from 'float' to 'int' requires a narrowing conversion
F:\Dylan King - Game Ass\Game\src\ScreenText.cpp(273): warning C4244: 'initializing': conversion from 'float' to 'int', possible loss of data
F:\Dylan King - Game Ass\Game\src\ScreenText.cpp(301): warning C4996: 'fopen': This function or variable may be unsafe. Consider using fopen_s instead. To disable deprecation, use _CRT_SECURE_NO_WARNINGS. See online help for details.
  C:\Program Files (x86)\Windows Kits\10\Include\10.0.10240.0\ucrt\stdio.h(205): note: see declaration of 'fopen'
  TextureManager.cpp
  Vector2D.cpp
  main.cpp
  Generating Code...
     Creating library F:/Dylan King - Game Ass/Game/bin/lib/GameAss.lib and object F:/Dylan King - Game Ass/Game/bin/lib/GameAss.exp
  GameAss.vcxproj -> F:\Dylan King - Game Ass\Game\bin\bin\GameAss.exe
